<?xml version="1.0" encoding="UTF-8"?>
<!-- Generated by org.testng.reporters.JUnitReportReporter -->
<testsuite hostname="DESKTOP-97C6M45" name="testing.LoginTest" tests="1" failures="0" timestamp="22 Feb 2020 04:24:33 GMT" time="0.022" errors="0">
  <testcase name="f" time="0.022" classname="testing.LoginTest"/>
</testsuite> <!-- testing.LoginTest -->
