<?xml version="1.0" encoding="UTF-8"?>
<!-- Generated by org.testng.reporters.JUnitReportReporter -->
<testsuite hostname="DESKTOP-97C6M45" name="testing.NewTest" tests="1" failures="0" timestamp="22 Feb 2020 04:44:18 GMT" time="0.000" errors="0">
  <testcase name="f" time="0.000" classname="testing.NewTest"/>
</testsuite> <!-- testing.NewTest -->
